<?xml version="1.0" encoding="UTF-8"?>
<testng-results ignored="0" total="1" passed="1" failed="0" skipped="0">
  <reporter-output>
  </reporter-output>
  <suite started-at="2025-10-07T11:14:00 IST" name="Default suite" finished-at="2025-10-07T11:14:04 IST" duration-ms="3857">
    <groups>
      <group name="cucumber">
        <method signature="AbstractTestNGCucumberTests.runScenario(io.cucumber.testng.PickleWrapper,io.cucumber.testng.FeatureWrapper)[pri:0, instance:runners.TestRunners@38d8f54a]" name="runScenario" class="io.cucumber.testng.AbstractTestNGCucumberTests"/>
      </group> <!-- cucumber -->
    </groups>
    <test started-at="2025-10-07T11:14:00 IST" name="Default test" finished-at="2025-10-07T11:14:04 IST" duration-ms="3857">
      <class name="runners.TestRunners">
        <test-method is-config="true" signature="setUpClass(org.testng.ITestContext)[pri:0, instance:runners.TestRunners@38d8f54a]" started-at="2025-10-07T11:14:00 IST" name="setUpClass" finished-at="2025-10-07T11:14:00 IST" duration-ms="218" status="PASS">
          <params>
            <param index="0">
              <value>
                <![CDATA[org.testng.TestRunner@5c371e13]]>
              </value>
            </param>
          </params>
          <reporter-output>
          </reporter-output>
        </test-method> <!-- setUpClass -->
        <test-method signature="runScenario(io.cucumber.testng.PickleWrapper,io.cucumber.testng.FeatureWrapper)[pri:0, instance:runners.TestRunners@38d8f54a]" started-at="2025-10-07T11:14:00 IST" name="runScenario" description="Runs Cucumber Scenarios" data-provider="scenarios" finished-at="2025-10-07T11:14:04 IST" duration-ms="3576" status="PASS">
          <params>
            <param index="0">
              <value>
                <![CDATA["Check  whether user can Login with Valid credentials"]]>
              </value>
            </param>
            <param index="1">
              <value>
                <![CDATA["Login Functinality"]]>
              </value>
            </param>
          </params>
          <reporter-output>
          </reporter-output>
        </test-method> <!-- runScenario -->
        <test-method is-config="true" signature="tearDownClass()[pri:0, instance:runners.TestRunners@38d8f54a]" started-at="2025-10-07T11:14:04 IST" name="tearDownClass" finished-at="2025-10-07T11:14:04 IST" duration-ms="0" status="PASS">
          <reporter-output>
          </reporter-output>
        </test-method> <!-- tearDownClass -->
      </class> <!-- runners.TestRunners -->
    </test> <!-- Default test -->
  </suite> <!-- Default suite -->
</testng-results>
